[debug] [2021-09-05T09:36:57.071Z] ----------------------------------------------------------------------
[debug] [2021-09-05T09:36:57.073Z] Command:       C:\Program Files\nodejs\node.exe C:\Users\JJ\AppData\Roaming\npm\node_modules\firebase-tools\lib\bin\firebase.js init
[debug] [2021-09-05T09:36:57.073Z] CLI Version:   9.17.0
[debug] [2021-09-05T09:36:57.073Z] Platform:      win32
[debug] [2021-09-05T09:36:57.073Z] Node Version:  v14.17.6
[debug] [2021-09-05T09:36:57.074Z] Time:          Sun Sep 05 2021 04:36:57 GMT-0500 (Central Daylight Time)
[debug] [2021-09-05T09:36:57.074Z] ----------------------------------------------------------------------
[debug] 
[debug] [2021-09-05T09:36:57.113Z] > command requires scopes: ["email","openid","https://www.googleapis.com/auth/cloudplatformprojects.readonly","https://www.googleapis.com/auth/firebase","https://www.googleapis.com/auth/cloud-platform"]
[debug] [2021-09-05T09:36:57.113Z] > authorizing via signed-in user (kwgdev@gmail.com)
[info] 
     ######## #### ########  ######## ########     ###     ######  ########
     ##        ##  ##     ## ##       ##     ##  ##   ##  ##       ##
     ######    ##  ########  ######   ########  #########  ######  ######
     ##        ##  ##    ##  ##       ##     ## ##     ##       ## ##
     ##       #### ##     ## ######## ########  ##     ##  ######  ########

You're about to initialize a Firebase project in this directory:

  C:\Users\JJ\Desktop\nextapp

Before we get started, keep in mind:

  * You are initializing within an existing Firebase project directory

[info] 
=== Project Setup
[info] 
[info] First, let's associate this project directory with a Firebase project.
[info] You can create multiple project aliases by running firebase use --add, 
[info] but for now we'll just set up a default project.
[info] 
[info] i  .firebaserc already has a default project, using next-ninja-app. 
[debug] [2021-09-05T09:37:05.110Z] >>> [apiv2][query] GET https://firebase.googleapis.com/v1beta1/projects/next-ninja-app [none]
[debug] [2021-09-05T09:37:05.482Z] <<< [apiv2][status] GET https://firebase.googleapis.com/v1beta1/projects/next-ninja-app 200
[debug] [2021-09-05T09:37:05.483Z] <<< [apiv2][body] GET https://firebase.googleapis.com/v1beta1/projects/next-ninja-app {"projectId":"next-ninja-app","projectNumber":"622664768549","displayName":"next-ninja-app","name":"projects/next-ninja-app","resources":{"hostingSite":"next-ninja-app"},"state":"ACTIVE"}
[info] 
=== Hosting Setup
[info] 
[info] Your public directory is the folder (relative to your project directory) that
[info] will contain Hosting assets to be uploaded with firebase deploy. If you
[info] have a build process for your assets, use your build's output directory.
[info] 
